<?xml version="1.0" encoding="UTF-8"?>
<beans xmlns="http://www.springframework.org/schema/beans"
       xmlns:xsi="http://www.w3.org/2001/XMLSchema-instance"
       xmlns:tx="http://www.springframework.org/schema/tx" xmlns:jdbc="http://www.springframework.org/schema/jdbc"
       xsi:schemaLocation="http://www.springframework.org/schema/beans
                           http://www.springframework.org/schema/beans/spring-beans.xsd
                           http://www.springframework.org/schema/tx
                           http://www.springframework.org/schema/tx/spring-tx-3.0.xsd
                           http://www.springframework.org/schema/jdbc
                           http://www.springframework.org/schema/jdbc/spring-jdbc.xsd">

    <!-- HSQL 내장형 DB 설정 -->
    <jdbc:embedded-database id="emTbeddedDatabase" type="HSQL">
        <jdbc:script location="classpath:springbook/user/sqlservice/updatable/sqlRegistrySchema.sql"/>
    </jdbc:embedded-database>

    <!-- AOP -->
    <tx:annotation-driven/> <!-- @Transactional 이 붙은 타입의 메소드에 트랜잭션 부가기능을 담은 프록시를 추가하도록 만들어주는 후처리기 등록 -->

    <bean id="message" class="springbook.learningtest.jdk.MessageFactoryBean">
        <property name="text" value="Factory Bean"/>
    </bean>

    <!-- 자동 프록시 생성기 -->
    <bean class="org.springframework.aop.framework.autoproxy.DefaultAdvisorAutoProxyCreator"/>

</beans>