<?xml version="1.0" encoding="UTF-8"?>
<beans xmlns="http://www.springframework.org/schema/beans"
       xmlns:xsi="http://www.w3.org/2001/XMLSchema-instance"
       xmlns:aop="http://www.springframework.org/schema/aop"
       xmlns:tx="http://www.springframework.org/schema/tx"
       xsi:schemaLocation="http://www.springframework.org/schema/beans
                           http://www.springframework.org/schema/beans/spring-beans.xsd
                           http://www.springframework.org/schema/aop
                           http://www.springframework.org/schema/aop/spring-aop.xsd
                           http://www.springframework.org/schema/tx
                           http://www.springframework.org/schema/tx/spring-tx-2.5.xsd">

    <!--<bean id="connectionMaker" class="springbook.user.dao.DConnectionMaker"/>-->

    <bean id="dataSource" class="org.springframework.jdbc.datasource.SimpleDriverDataSource">
        <property name="driverClass" value="com.mysql.cj.jdbc.Driver"/>
        <property name="url" value="jdbc:mysql://localhost:3306/tobi"/>
        <property name="username" value="tobitest"/>
        <property name="password" value="tobitest"/>
    </bean>

    <bean id="userDao" class="springbook.user.dao.UserDaoJdbc">
        <property name="dataSource" ref="dataSource"/> <!-- ref="connectionMaker" -->
        <property name="sqlService" ref="sqlService"/>
    </bean>

    <bean id="sqlService" class="springbook.user.sqlservice.SimpleSqlService">
        <property name="sqlMap">
            <map>
                <entry key="userAdd" value="insert into users(id, name, password, email, level, login, recommend) values(?,?,?,?,?,?,?)"/>
                <entry key="userGet" value="select * from users where id=?"/>
                <entry key="userGetAll" value="select * from users order by id"/>
                <entry key="userDeleteAll" value="delete from users"/>
                <entry key="userGetCount" value="select count(*) from users"/>
                <entry key="userUpdate" value="update users set name = ?, password = ?, email = ?, level = ?, login = ?, recommend = ? where id = ?"/>
            </map>
        </property>
    </bean>

    <bean id="userService" class="springbook.user.service.UserServiceImpl">
        <property name="userDao" ref="userDao"/>
        <property name="mailSender" ref="mailSender"/>
    </bean>

    <bean id="transactionManager" class="org.springframework.jdbc.datasource.DataSourceTransactionManager">
        <property name="dataSource" ref="dataSource"/>
    </bean>

    <bean id="mailSender" class="springbook.user.service.DummyMailSender"/>

    <bean id="message" class="springbook.learningtest.jdk.MessageFactoryBean">
        <property name="text" value="Factory Bean"/>
    </bean>

    <!-- 자동 프록시 생성기 -->
    <bean class="org.springframework.aop.framework.autoproxy.DefaultAdvisorAutoProxyCreator"/>

    <!-- 테스트용 UserService -->
    <bean id="testUserService" class="springbook.user.service.UserServiceTest$TestUserService" parent="userService" />

    <tx:annotation-driven/>

</beans>