<?xml version="1.0" encoding="UTF-8"?>
<beans xmlns="http://www.springframework.org/schema/beans"
       xmlns:xsi="http://www.w3.org/2001/XMLSchema-instance"
       xsi:schemaLocation="http://www.springframework.org/schema/beans
                           http://www.springframework.org/schema/beans/spring-beans.xsd">

    <!--<bean id="connectionMaker" class="springbook.user.dao.DConnectionMaker"/>-->

    <bean id="dataSource" class="org.springframework.jdbc.datasource.SimpleDriverDataSource">
        <property name="driverClass" value="oracle.jdbc.driver.OracleDriver"/>
        <property name="url" value="jdbc:oracle:thin:@localhost:1521:XE"/>
        <property name="username" value="tobiTest"/>
        <property name="password" value="tobi"/>
    </bean>

    <bean id="userDao" class="springbook.user.dao.UserDaoJdbc">
        <property name="dataSource" ref="dataSource"/> <!-- ref="connectionMaker" -->
    </bean>

    <bean id="userService" class="springbook.user.service.UserServiceImpl">
        <property name="userDao" ref="userDao"/>
        <property name="transactionManager" ref="transactionManger"/>
        <property name="mailSender" ref="mailSender"/>
    </bean>

    <bean id="transactionManger" class="org.springframework.jdbc.datasource.DataSourceTransactionManager">
        <property name="dataSource" ref="dataSource"/>
    </bean>

    <bean id="mailSender" class="springbook.user.service.DummyMailSender"/>

</beans>